irun(64): 15.20-s051: (c) Copyright 1995-2018 Cadence Design Systems, Inc.
TOOL:	irun(64)	15.20-s051: Started on Oct 19, 2021 at 13:13:33 IST
irun
	alu_case.v
	alu_if.v
	alu_tb.v
	-gui

-------------------------------------
Relinquished control to SimVision...
ncsim> 
ncsim> source /tools/cadence/INCISIVE152/tools/inca/files/ncsimrc
ncsim> run 200
For P=00000000000000000000000001111111, Q=00000000000000000000000011001000,sel=000 the results are 
 Acc_case=0000000000000000000000000000000000000000000000000000000101000111 and Acc_if=0000000000000000000000000000000000000000000000000000000101000111 

For P=00000000000000000000000001111111, Q=00000000000000000000000011001000,sel=001 the results are 
 Acc_case=1111111111111111111111111111111111111111111111111111111110110111 and Acc_if=1111111111111111111111111111111111111111111111111111111110110111 

For P=00000000000000000000000001111111, Q=00000000000000000000000011001000,sel=010 the results are 
 Acc_case=0000000000000000000000000000000000000000000000000110001100111000 and Acc_if=0000000000000000000000000000000000000000000000000110001100111000 

For P=00000000000000000000000001111111, Q=00000000000000000000000011001000,sel=011 the results are 
 Acc_case=0000000000000000000000000000000000000000000000000000000000000000 and Acc_if=0000000000000000000000000000000000000000000000000000000000000000 

For P=00000000000000000000000001111111, Q=00000000000000000000000011001000,sel=100 the results are 
 Acc_case=0000000000000000000000000000000000000000000000000000000011111111 and Acc_if=0000000000000000000000000000000000000000000000000000000011111111 

For P=00000000000000000000000001111111, Q=00000000000000000000000011001000,sel=101 the results are 
 Acc_case=0000000000000000000000000000000000000000000000000000000001001000 and Acc_if=0000000000000000000000000000000000000000000000000000000001001000 

For P=00000000000000000000000001111111, Q=00000000000000000000000011001000,sel=110 the results are 
 Acc_case=0000000000000000000000000000000000000000000000000000000010110111 and Acc_if=0000000000000000000000000000000000000000000000000000000010110111 

For P=00000000000000000000000001111111, Q=00000000000000000000000011001000,sel=111 the results are 
 Acc_case=1111111111111111111111111111111111111111111111111111111110000000 and Acc_if=1111111111111111111111111111111111111111111111111111111110000000 

Ran until 200 NS + 0
ncsim> run 200
Ran until 400 NS + 0
ncsim> run
ncsim: *W,RNQUIE: Simulation is complete.
ncsim> ^C
ncsim> ^C
ncsim> ^C
ncsim> ^C
ncsim> ^C
ncsim> 